<?xml version="1.0" encoding="utf-8"?><testsuites name="pytest tests"><testsuite name="pytest" errors="0" failures="1" skipped="0" tests="44" time="8.713" timestamp="2026-05-06T10:52:42.062904+00:00" hostname="agent-env-a4822369-69af-464d-84e0-4619775aac6f"><testcase classname="tests.backend_test.TestAuth" name="test_login_master_returns_tokens_and_companies" time="0.717" /><testcase classname="tests.backend_test.TestAuth" name="test_login_invalid_credentials" time="0.138" /><testcase classname="tests.backend_test.TestAuth" name="test_me_endpoint" time="0.055" /><testcase classname="tests.backend_test.TestAuth" name="test_switch_company" time="0.121" /><testcase classname="tests.backend_test.TestAuth" name="test_switch_company_unauthorized" time="0.740" /><testcase classname="tests.backend_test.TestAuth" name="test_logout" time="0.412" /><testcase classname="tests.backend_test.TestContacts" name="test_list_contacts_admin_sp" time="0.121" /><testcase classname="tests.backend_test.TestContacts" name="test_multitenant_isolation_sp_vs_rj" time="0.108" /><testcase classname="tests.backend_test.TestContacts" name="test_create_contact_as_admin" time="0.168" /><testcase classname="tests.backend_test.TestContacts" name="test_analyst_cannot_create_contact" time="0.445" /><testcase classname="tests.backend_test.TestContacts" name="test_add_activity_to_contact" time="0.133" /><testcase classname="tests.backend_test.TestPipelineAndDeals" name="test_list_pipelines" time="0.056" /><testcase classname="tests.backend_test.TestPipelineAndDeals" name="test_list_deals_filter_pipeline" time="0.107" /><testcase classname="tests.backend_test.TestPipelineAndDeals" name="test_move_deal_stage" time="0.167" /><testcase classname="tests.backend_test.TestPipelineAndDeals" name="test_won_and_lost_endpoints_exist" time="0.161" /><testcase classname="tests.backend_test.TestAnalytics" name="test_overview" time="0.055" /><testcase classname="tests.backend_test.TestAnalytics" name="test_funnel" time="0.059" /><testcase classname="tests.backend_test.TestAnalytics" name="test_revenue" time="0.061" /><testcase classname="tests.backend_test.TestAnalytics" name="test_leaderboard" time="0.051" /><testcase classname="tests.backend_test.TestCompanies" name="test_list_companies_master" time="0.058" /><testcase classname="tests.backend_test.TestCompanies" name="test_consolidated_master" time="0.058" /><testcase classname="tests.backend_test.TestCompanies" name="test_companies_blocked_for_admin" time="0.063" /><testcase classname="tests.backend_test.TestTasks" name="test_create_and_complete_task" time="0.114" /><testcase classname="tests.backend_test.TestNotifications" name="test_list_notifications" time="0.051" /><testcase classname="tests.test_admin_features.TestUsersList" name="test_list_users_returns_items_with_role_and_is_active" time="0.389" /><testcase classname="tests.test_admin_features.TestUserInvite" name="test_admin_can_invite_commercial" time="0.391" /><testcase classname="tests.test_admin_features.TestUserInvite" name="test_admin_can_invite_analyst" time="0.342" /><testcase classname="tests.test_admin_features.TestUserInvite" name="test_admin_cannot_invite_admin" time="0.059" /><testcase classname="tests.test_admin_features.TestUserInvite" name="test_admin_cannot_invite_master" time="0.060" /><testcase classname="tests.test_admin_features.TestUserRoleUpdate" name="test_admin_cannot_change_role_of_other_admin" time="0.501" /><testcase classname="tests.test_admin_features.TestUserRoleUpdate" name="test_admin_cannot_alter_another_admin_or_master" time="0.115" /><testcase classname="tests.test_admin_features.TestUserRoleUpdate" name="test_admin_can_change_commercial_to_analyst_and_back" time="0.171" /><testcase classname="tests.test_admin_features.TestUserActivateDeactivate" name="test_deactivate_then_activate_commercial" time="0.510" /><testcase classname="tests.test_admin_features.TestUserActivateDeactivate" name="test_cannot_deactivate_last_active_admin" time="0.054" /><testcase classname="tests.test_admin_features.TestUserDelete" name="test_cannot_self_delete" time="0.064" /><testcase classname="tests.test_admin_features.TestUserDelete" name="test_delete_removes_membership_only" time="0.388" /><testcase classname="tests.test_admin_features.TestCompaniesCRUD" name="test_admin_forbidden_list" time="0.057" /><testcase classname="tests.test_admin_features.TestCompaniesCRUD" name="test_master_list_includes_is_active_and_counts" time="0.054" /><testcase classname="tests.test_admin_features.TestCompaniesCRUD" name="test_create_company_with_unique_slug" time="0.198" /><testcase classname="tests.test_admin_features.TestCompaniesCRUD" name="test_update_company_ignores_slug" time="0.213" /><testcase classname="tests.test_admin_features.TestCompaniesCRUD" name="test_activate_deactivate_company" time="0.217" /><testcase classname="tests.test_admin_features.TestCompaniesCRUD" name="test_soft_delete_company" time="0.201" /><testcase classname="tests.test_admin_features.TestInactiveCompanyMiddleware" name="test_deactivated_company_blocks_members" time="0.317" /><testcase classname="tests.test_admin_features.TestInactiveCompanyMiddleware" name="test_deleted_company_returns_404" time="0.152"><failure message="AssertionError: {&quot;access_token&quot;:&quot;eyJhbGciOiJIUzI1NiIsInR5cCI6IkpXVCJ9.eyJzdWIiOiI5ZmQxMmU0YS02MGFmLTQxMDAtODQwOC05N2IwY2ZiYzI1ZjMiLCJlbWFpbCI6Im1hc3RlckBmcmFucXVlYWRvcmEuY29tIiwiY29tcGFueV9pZCI6IjNiMTA1YWU4LTRiMmUtNDhmZC1iMDliLWY3YjU3Mjk0NmRkNiIsInJvbGUiOiJNQVNURVIiLCJ0eXBlIjoiYWNjZXNzIiwiZXhwIjoxNzc4MDY1NjcwfQ.YWYbJpfP9ruc02P5eUmSnG6aFPI5yDWmRhSuc-JA9oQ&quot;,&quot;active_company_id&quot;:&quot;3b105ae8-4b2e-48fd-b09b-f7b572946dd6&quot;,&quot;active_role&quot;:&quot;MASTER&quot;,&quot;company&quot;:{&quot;id&quot;:&quot;3b105ae8-4b2e-48fd-b09b-f7b572946dd6&quot;,&quot;name&quot;:&quot;TEST ToBeDel&quot;,&quot;slug&quot;:&quot;tobedel-0bd944&quot;,&quot;plan&quot;:&quot;free&quot;,&quot;logo_url&quot;:null,&quot;settings&quot;:{},&quot;is_active&quot;:false,&quot;created_at&quot;:&quot;2026-05-06T10:52:50.655809+00:00&quot;,&quot;deleted_at&quot;:&quot;2026-05-06T10:52:50.704508+00:00&quot;}}&#10;assert 200 in (403, 404)&#10; +  where 200 = &lt;Response [200]&gt;.status_code">E   AssertionError: {"access_token":"eyJhbGciOiJIUzI1NiIsInR5cCI6IkpXVCJ9.eyJzdWIiOiI5ZmQxMmU0YS02MGFmLTQxMDAtODQwOC05N2IwY2ZiYzI1ZjMiLCJlbWFpbCI6Im1hc3RlckBmcmFucXVlYWRvcmEuY29tIiwiY29tcGFueV9pZCI6IjNiMTA1YWU4LTRiMmUtNDhmZC1iMDliLWY3YjU3Mjk0NmRkNiIsInJvbGUiOiJNQVNURVIiLCJ0eXBlIjoiYWNjZXNzIiwiZXhwIjoxNzc4MDY1NjcwfQ.YWYbJpfP9ruc02P5eUmSnG6aFPI5yDWmRhSuc-JA9oQ","active_company_id":"3b105ae8-4b2e-48fd-b09b-f7b572946dd6","active_role":"MASTER","company":{"id":"3b105ae8-4b2e-48fd-b09b-f7b572946dd6","name":"TEST ToBeDel","slug":"tobedel-0bd944","plan":"free","logo_url":null,"settings":{},"is_active":false,"created_at":"2026-05-06T10:52:50.655809+00:00","deleted_at":"2026-05-06T10:52:50.704508+00:00"}}
    assert 200 in (403, 404)
     +  where 200 = &lt;Response [200]&gt;.status_code</failure></testcase></testsuite></testsuites>