<?xml version="1.0" encoding="utf-8"?><testsuites name="pytest tests"><testsuite name="pytest" errors="0" failures="1" skipped="0" tests="24" time="4.830" timestamp="2026-05-03T13:39:23.310898+00:00" hostname="agent-env-a4822369-69af-464d-84e0-4619775aac6f"><testcase classname="backend.tests.backend_test.TestAuth" name="test_login_master_returns_tokens_and_companies" time="0.478" /><testcase classname="backend.tests.backend_test.TestAuth" name="test_login_invalid_credentials" time="0.128" /><testcase classname="backend.tests.backend_test.TestAuth" name="test_me_endpoint" time="0.073" /><testcase classname="backend.tests.backend_test.TestAuth" name="test_switch_company" time="0.141" /><testcase classname="backend.tests.backend_test.TestAuth" name="test_switch_company_unauthorized" time="0.993" /><testcase classname="backend.tests.backend_test.TestAuth" name="test_logout" time="0.408" /><testcase classname="backend.tests.backend_test.TestContacts" name="test_list_contacts_admin_sp" time="0.070" /><testcase classname="backend.tests.backend_test.TestContacts" name="test_multitenant_isolation_sp_vs_rj" time="0.141" /><testcase classname="backend.tests.backend_test.TestContacts" name="test_create_contact_as_admin" time="0.209" /><testcase classname="backend.tests.backend_test.TestContacts" name="test_analyst_cannot_create_contact" time="0.556" /><testcase classname="backend.tests.backend_test.TestContacts" name="test_add_activity_to_contact" time="0.142" /><testcase classname="backend.tests.backend_test.TestPipelineAndDeals" name="test_list_pipelines" time="0.067" /><testcase classname="backend.tests.backend_test.TestPipelineAndDeals" name="test_list_deals_filter_pipeline" time="0.143" /><testcase classname="backend.tests.backend_test.TestPipelineAndDeals" name="test_move_deal_stage" time="0.279" /><testcase classname="backend.tests.backend_test.TestPipelineAndDeals" name="test_won_and_lost_endpoints_exist" time="0.200" /><testcase classname="backend.tests.backend_test.TestAnalytics" name="test_overview" time="0.081" /><testcase classname="backend.tests.backend_test.TestAnalytics" name="test_funnel" time="0.076" /><testcase classname="backend.tests.backend_test.TestAnalytics" name="test_revenue" time="0.069"><failure message="assert 0 &gt;= 1&#10; +  where 0 = len([])">backend/tests/backend_test.py:204: in test_revenue
    assert len(items) &gt;= 1
E   assert 0 &gt;= 1
E    +  where 0 = len([])</failure></testcase><testcase classname="backend.tests.backend_test.TestAnalytics" name="test_leaderboard" time="0.070" /><testcase classname="backend.tests.backend_test.TestCompanies" name="test_list_companies_master" time="0.074" /><testcase classname="backend.tests.backend_test.TestCompanies" name="test_consolidated_master" time="0.084" /><testcase classname="backend.tests.backend_test.TestCompanies" name="test_companies_blocked_for_admin" time="0.076" /><testcase classname="backend.tests.backend_test.TestTasks" name="test_create_and_complete_task" time="0.137" /><testcase classname="backend.tests.backend_test.TestNotifications" name="test_list_notifications" time="0.068" /></testsuite></testsuites>